2023-07-18 18:51:34,513 DEBUG [main] InternalLoggerFactory:89 - Using Log4J as the default logging framework
2023-07-18 18:51:34,524 DEBUG [main] ResourceLeakDetector:129 - -Dio.netty.leakDetection.level: simple
2023-07-18 18:51:34,525 DEBUG [main] ResourceLeakDetector:130 - -Dio.netty.leakDetection.targetRecords: 4
2023-07-18 18:51:34,537 DEBUG [main] ResourceLeakDetectorFactory:196 - Loaded default ResourceLeakDetector: io.netty.util.ResourceLeakDetector@404bbcbd
2023-07-18 18:51:34,569 DEBUG [main] PlatformDependent0:496 - -Dio.netty.noUnsafe: false
2023-07-18 18:51:34,571 DEBUG [main] PlatformDependent0:1000 - Java version: 17
2023-07-18 18:51:34,575 DEBUG [main] PlatformDependent0:137 - sun.misc.Unsafe.theUnsafe: available
2023-07-18 18:51:34,586 DEBUG [main] PlatformDependent0:161 - sun.misc.Unsafe.copyMemory: available
2023-07-18 18:51:34,590 DEBUG [main] PlatformDependent0:193 - sun.misc.Unsafe.storeFence: available
2023-07-18 18:51:34,592 DEBUG [main] PlatformDependent0:236 - java.nio.Buffer.address: available
2023-07-18 18:51:34,595 DEBUG [main] PlatformDependent0:320 - direct buffer constructor: unavailable: Reflective setAccessible(true) disabled
2023-07-18 18:51:34,598 DEBUG [main] PlatformDependent0:385 - java.nio.Bits.unaligned: available, true
2023-07-18 18:51:34,602 DEBUG [main] PlatformDependent0:452 - jdk.internal.misc.Unsafe.allocateUninitializedArray(int): unavailable: class io.netty.util.internal.PlatformDependent0$7 cannot access class jdk.internal.misc.Unsafe (in module java.base) because module java.base does not export jdk.internal.misc to unnamed module @11028347
2023-07-18 18:51:34,606 DEBUG [main] PlatformDependent0:482 - java.nio.DirectByteBuffer.<init>(long, int): unavailable
2023-07-18 18:51:34,607 DEBUG [main] PlatformDependent:1159 - sun.misc.Unsafe: available
2023-07-18 18:51:34,635 DEBUG [main] PlatformDependent:1270 - maxDirectMemory: 2124414976 bytes (maybe)
2023-07-18 18:51:34,642 DEBUG [main] PlatformDependent:1289 - -Dio.netty.tmpdir: C:\Users\USER\AppData\Local\Temp (java.io.tmpdir)
2023-07-18 18:51:34,643 DEBUG [main] PlatformDependent:1368 - -Dio.netty.bitMode: 64 (sun.arch.data.model)
2023-07-18 18:51:34,648 DEBUG [main] PlatformDependent:1119 - Platform: Windows
2023-07-18 18:51:34,651 DEBUG [main] PlatformDependent:178 - -Dio.netty.maxDirectMemory: -1 bytes
2023-07-18 18:51:34,654 DEBUG [main] PlatformDependent:185 - -Dio.netty.uninitializedArrayAllocationThreshold: -1
2023-07-18 18:51:34,657 DEBUG [main] CleanerJava9:71 - java.nio.ByteBuffer.cleaner(): available
2023-07-18 18:51:34,658 DEBUG [main] PlatformDependent:205 - -Dio.netty.noPreferDirect: false
2023-07-18 18:51:34,679 DEBUG [main] PlatformDependent:1010 - org.jctools-core.MpscChunkedArrayQueue: available
2023-07-18 18:51:34,733 DEBUG [main] InternalThreadLocalMap:100 - -Dio.netty.threadLocalMap.stringBuilder.initialSize: 1024
2023-07-18 18:51:34,733 DEBUG [main] InternalThreadLocalMap:101 - -Dio.netty.threadLocalMap.stringBuilder.maxSize: 4096
2023-07-18 18:51:34,975 DEBUG [main] JdkSslContext:83 - Default protocols (JDK): [TLSv1.3, TLSv1.2] 
2023-07-18 18:51:34,976 DEBUG [main] JdkSslContext:84 - Default cipher suites (JDK): [TLS_ECDHE_ECDSA_WITH_AES_256_GCM_SHA384, TLS_ECDHE_ECDSA_WITH_AES_128_GCM_SHA256, TLS_ECDHE_RSA_WITH_AES_128_GCM_SHA256, TLS_ECDHE_RSA_WITH_AES_256_GCM_SHA384, TLS_ECDHE_RSA_WITH_AES_128_CBC_SHA, TLS_ECDHE_RSA_WITH_AES_256_CBC_SHA, TLS_RSA_WITH_AES_128_GCM_SHA256, TLS_RSA_WITH_AES_128_CBC_SHA, TLS_RSA_WITH_AES_256_CBC_SHA, TLS_AES_128_GCM_SHA256, TLS_AES_256_GCM_SHA384]
2023-07-18 18:51:34,998 DEBUG [main] GlobalEventExecutor:53 - -Dio.netty.globalEventExecutor.quietPeriodSeconds: 1
2023-07-18 18:51:35,021 DEBUG [main] MultithreadEventLoopGroup:44 - -Dio.netty.eventLoopThreads: 8
2023-07-18 18:51:35,037 DEBUG [main] NioEventLoop:110 - -Dio.netty.noKeySetOptimization: false
2023-07-18 18:51:35,038 DEBUG [main] NioEventLoop:111 - -Dio.netty.selectorAutoRebuildThreshold: 512
2023-07-18 18:51:35,131 DEBUG [main] PooledByteBufAllocator:157 - -Dio.netty.allocator.numHeapArenas: 8
2023-07-18 18:51:35,132 DEBUG [main] PooledByteBufAllocator:158 - -Dio.netty.allocator.numDirectArenas: 8
2023-07-18 18:51:35,133 DEBUG [main] PooledByteBufAllocator:160 - -Dio.netty.allocator.pageSize: 8192
2023-07-18 18:51:35,135 DEBUG [main] PooledByteBufAllocator:165 - -Dio.netty.allocator.maxOrder: 9
2023-07-18 18:51:35,136 DEBUG [main] PooledByteBufAllocator:169 - -Dio.netty.allocator.chunkSize: 4194304
2023-07-18 18:51:35,139 DEBUG [main] PooledByteBufAllocator:170 - -Dio.netty.allocator.smallCacheSize: 256
2023-07-18 18:51:35,140 DEBUG [main] PooledByteBufAllocator:171 - -Dio.netty.allocator.normalCacheSize: 64
2023-07-18 18:51:35,142 DEBUG [main] PooledByteBufAllocator:172 - -Dio.netty.allocator.maxCachedBufferCapacity: 32768
2023-07-18 18:51:35,143 DEBUG [main] PooledByteBufAllocator:173 - -Dio.netty.allocator.cacheTrimInterval: 8192
2023-07-18 18:51:35,144 DEBUG [main] PooledByteBufAllocator:174 - -Dio.netty.allocator.cacheTrimIntervalMillis: 0
2023-07-18 18:51:35,148 DEBUG [main] PooledByteBufAllocator:175 - -Dio.netty.allocator.useCacheForAllThreads: false
2023-07-18 18:51:35,153 DEBUG [main] PooledByteBufAllocator:176 - -Dio.netty.allocator.maxCachedByteBuffersPerChunk: 1023
2023-07-18 18:51:35,184 DEBUG [main] ByteBufUtil:88 - -Dio.netty.allocator.type: pooled
2023-07-18 18:51:35,185 DEBUG [main] ByteBufUtil:97 - -Dio.netty.threadLocalDirectBufferSize: 0
2023-07-18 18:51:35,187 DEBUG [main] ByteBufUtil:100 - -Dio.netty.maxThreadLocalCharBufferSize: 16384
2023-07-18 18:51:35,679 DEBUG [Forwarding newSession on session null to remote] DefaultChannelId:79 - -Dio.netty.processId: 484 (auto-detected)
2023-07-18 18:51:35,683 DEBUG [Forwarding newSession on session null to remote] NetUtil:148 - -Djava.net.preferIPv4Stack: false
2023-07-18 18:51:35,683 DEBUG [Forwarding newSession on session null to remote] NetUtil:149 - -Djava.net.preferIPv6Addresses: false
2023-07-18 18:51:35,714 DEBUG [Forwarding newSession on session null to remote] NetUtilInitializations:145 - Loopback interface: lo (Software Loopback Interface 1, 127.0.0.1)
2023-07-18 18:51:35,718 DEBUG [Forwarding newSession on session null to remote] NetUtil:206 - Failed to get SOMAXCONN from sysctl and file \proc\sys\net\core\somaxconn. Default: 200
2023-07-18 18:51:35,786 DEBUG [Forwarding newSession on session null to remote] DefaultChannelId:101 - -Dio.netty.machineId: b4:6d:83:ff:fe:5f:5e:24 (auto-detected)
2023-07-18 18:51:35,865 DEBUG [AsyncHttpClient-1-2] AbstractByteBuf:63 - -Dio.netty.buffer.checkAccessible: true
2023-07-18 18:51:35,866 DEBUG [AsyncHttpClient-1-2] AbstractByteBuf:64 - -Dio.netty.buffer.checkBounds: true
2023-07-18 18:51:35,866 DEBUG [AsyncHttpClient-1-2] ResourceLeakDetectorFactory:196 - Loaded default ResourceLeakDetector: io.netty.util.ResourceLeakDetector@743cde69
2023-07-18 18:51:35,918 DEBUG [AsyncHttpClient-1-2] Recycler:96 - -Dio.netty.recycler.maxCapacityPerThread: 4096
2023-07-18 18:51:35,918 DEBUG [AsyncHttpClient-1-2] Recycler:97 - -Dio.netty.recycler.ratio: 8
2023-07-18 18:51:35,919 DEBUG [AsyncHttpClient-1-2] Recycler:98 - -Dio.netty.recycler.chunkSize: 32
2023-07-18 18:51:35,920 DEBUG [AsyncHttpClient-1-2] Recycler:99 - -Dio.netty.recycler.blocking: false
2023-07-18 18:51:35,920 DEBUG [AsyncHttpClient-1-2] Recycler:100 - -Dio.netty.recycler.batchFastThreadLocalOnly: true
2023-07-18 18:51:37,089 DEBUG [AsyncHttpClient-1-2] Brotli:38 - brotli4j not in the classpath; Brotli support will be unavailable.
2023-07-18 18:51:37,296 DEBUG [main] ThreadLocalRandom:214 - -Dio.netty.initialSeedUniquifier: 0x0023d2ee7f226769
2023-07-18 18:52:08,288  INFO [main] opendental:41 - URL is Open
2023-07-18 18:52:08,467  INFO [main] opendental:46 - Entered usernam
2023-07-18 18:52:08,633  INFO [main] opendental:48 - Entererd password
2023-07-18 18:52:08,740  INFO [main] opendental:50 - log In sucessfully
2023-07-18 18:52:39,039  INFO [main] opendental:56 - Cliniv Change to MV
2023-07-18 18:52:47,336  INFO [main] opendental:59 - FRPS Clicked
2023-07-18 18:53:03,337  INFO [main] opendental:65 - FRPS option Clicked but Forms not open till
2023-07-18 18:53:39,480  INFO [main] opendental:68 - Patient Form selected and Open
